0 info it worked if it ends with ok
1 verbose cli [ '/usr/bin/node', '/usr/bin/npm', 'run', 'connect' ]
2 info using npm@3.5.2
3 info using node@v8.10.0
4 verbose run-script [ 'preconnect', 'connect', 'postconnect' ]
5 info lifecycle mediasoup-demo-server@3.0.0~preconnect: mediasoup-demo-server@3.0.0
6 silly lifecycle mediasoup-demo-server@3.0.0~preconnect: no script for preconnect, continuing
7 info lifecycle mediasoup-demo-server@3.0.0~connect: mediasoup-demo-server@3.0.0
8 verbose lifecycle mediasoup-demo-server@3.0.0~connect: unsafe-perm in lifecycle true
9 verbose lifecycle mediasoup-demo-server@3.0.0~connect: PATH: /usr/share/npm/bin/node-gyp-bin:/home/ubuntu/mediasoup-demo/server/node_modules/.bin:/usr/local/sbin:/usr/local/bin:/usr/sbin:/usr/bin:/sbin:/bin:/usr/games:/usr/local/games:/snap/bin
10 verbose lifecycle mediasoup-demo-server@3.0.0~connect: CWD: /home/ubuntu/mediasoup-demo/server
11 silly lifecycle mediasoup-demo-server@3.0.0~connect: Args: [ '-c', 'node connect.js' ]
12 silly lifecycle mediasoup-demo-server@3.0.0~connect: Returned: code: 1  signal: null
13 info lifecycle mediasoup-demo-server@3.0.0~connect: Failed to exec connect script
14 verbose stack Error: mediasoup-demo-server@3.0.0 connect: `node connect.js`
14 verbose stack Exit status 1
14 verbose stack     at EventEmitter.<anonymous> (/usr/share/npm/lib/utils/lifecycle.js:232:16)
14 verbose stack     at emitTwo (events.js:126:13)
14 verbose stack     at EventEmitter.emit (events.js:214:7)
14 verbose stack     at ChildProcess.<anonymous> (/usr/share/npm/lib/utils/spawn.js:24:14)
14 verbose stack     at emitTwo (events.js:126:13)
14 verbose stack     at ChildProcess.emit (events.js:214:7)
14 verbose stack     at maybeClose (internal/child_process.js:925:16)
14 verbose stack     at Process.ChildProcess._handle.onexit (internal/child_process.js:209:5)
15 verbose pkgid mediasoup-demo-server@3.0.0
16 verbose cwd /home/ubuntu/mediasoup-demo/server
17 error Linux 4.15.0-1065-aws
18 error argv "/usr/bin/node" "/usr/bin/npm" "run" "connect"
19 error node v8.10.0
20 error npm  v3.5.2
21 error code ELIFECYCLE
22 error mediasoup-demo-server@3.0.0 connect: `node connect.js`
22 error Exit status 1
23 error Failed at the mediasoup-demo-server@3.0.0 connect script 'node connect.js'.
23 error Make sure you have the latest version of node.js and npm installed.
23 error If you do, this is most likely a problem with the mediasoup-demo-server package,
23 error not with npm itself.
23 error Tell the author that this fails on your system:
23 error     node connect.js
23 error You can get information on how to open an issue for this project with:
23 error     npm bugs mediasoup-demo-server
23 error Or if that isn't available, you can get their info via:
23 error     npm owner ls mediasoup-demo-server
23 error There is likely additional logging output above.
24 verbose exit [ 1, true ]
